<?xml version="1.0" encoding="UTF-8"?>
<!-- Generated by org.testng.reporters.JUnitReportReporter -->
<testsuite hostname="DESKTOP-PHFIK33" name="testCases.ExecuteTest1" tests="1" failures="0" timestamp="19 Jul 2021 10:29:49 GMT" time="43.715" errors="0">
  <testcase name="v1" time="43.715" classname="testCases.ExecuteTest1"/>
</testsuite> <!-- testCases.ExecuteTest1 -->
