<?xml version="1.0" encoding="UTF-8"?>
<!-- Generated by org.testng.reporters.JUnitReportReporter -->
<testsuite hostname="DESKTOP-PHFIK33" name="testCases.ExecuteTest3" tests="1" failures="0" timestamp="20 Jul 2021 10:24:20 GMT" time="100.841" errors="0">
  <testcase name="testLogin" time="100.841" classname="testCases.ExecuteTest3"/>
</testsuite> <!-- testCases.ExecuteTest3 -->
