<?xml version="1.0" encoding="UTF-8"?>
<!-- Generated by org.testng.reporters.JUnitReportReporter -->
<testsuite hostname="DESKTOP-PHFIK33" name="testCases.ExecuteTest" tests="1" failures="0" timestamp="20 Jul 2021 11:16:57 GMT" time="121.409" errors="0">
  <testcase name="testLogin" time="121.409" classname="testCases.ExecuteTest"/>
</testsuite> <!-- testCases.ExecuteTest -->
